11-08 19:53:15.434 [ INFO] [                c.c.a.d.UserAuthsDaoTest: 50] - Starting UserAuthsDaoTest on DESKTOP-4J1ON82 with PID 15384 (started by ChrisYoung in D:\JavaProject\appserver)
11-08 19:53:15.444 [ INFO] [                c.c.a.d.UserAuthsDaoTest:675] - No active profile set, falling back to default profiles: default
11-08 19:53:17.134 [ INFO] [trationDelegate$BeanPostProcessorChecker:330] - Bean 'org.springframework.transaction.annotation.ProxyTransactionManagementConfiguration' of type [org.springframework.transaction.annotation.ProxyTransactionManagementConfiguration$$EnhancerBySpringCGLIB$$dbcdedf] is not eligible for getting processed by all BeanPostProcessors (for example: not eligible for auto-proxying)
11-08 19:53:17.378 [ INFO] [trationDelegate$BeanPostProcessorChecker:330] - Bean 'org.springframework.hateoas.config.HateoasConfiguration' of type [org.springframework.hateoas.config.HateoasConfiguration$$EnhancerBySpringCGLIB$$8d3d2c11] is not eligible for getting processed by all BeanPostProcessors (for example: not eligible for auto-proxying)
11-08 19:53:19.450 [ INFO] [          o.s.s.c.ThreadPoolTaskExecutor:171] - Initializing ExecutorService 'applicationTaskExecutor'
11-08 19:53:19.927 [ INFO] [c.a.d.s.b.a.DruidDataSourceAutoConfigure: 56] - Init DruidDataSource
11-08 19:53:21.180 [ INFO] [                 c.a.d.p.DruidDataSource:930] - {dataSource-1} inited
11-08 19:53:22.409 [ INFO] [d.s.w.p.DocumentationPluginsBootstrapper: 80] - Context refreshed
11-08 19:53:22.439 [ INFO] [d.s.w.p.DocumentationPluginsBootstrapper: 83] - Found {0} custom documentation plugin(s)
11-08 19:53:22.449 [ INFO] [    s.d.s.w.s.ApiListingReferenceScanner: 53] - Scanning for api listing references
11-08 19:53:22.471 [ INFO] [                c.c.a.d.UserAuthsDaoTest: 59] - Started UserAuthsDaoTest in 7.347 seconds (JVM running for 8.886)
11-08 19:53:23.072 [ INFO] [                 c.a.d.p.DruidDataSource:1825] - {dataSource-1} closed
11-08 19:53:23.072 [ INFO] [          o.s.s.c.ThreadPoolTaskExecutor:208] - Shutting down ExecutorService 'applicationTaskExecutor'
11-08 20:10:12.084 [ INFO] [                c.c.a.d.UserAuthsDaoTest: 50] - Starting UserAuthsDaoTest on DESKTOP-4J1ON82 with PID 11636 (started by ChrisYoung in D:\JavaProject\appserver)
11-08 20:10:12.084 [ INFO] [                c.c.a.d.UserAuthsDaoTest:675] - No active profile set, falling back to default profiles: default
11-08 20:10:14.066 [ INFO] [trationDelegate$BeanPostProcessorChecker:330] - Bean 'org.springframework.transaction.annotation.ProxyTransactionManagementConfiguration' of type [org.springframework.transaction.annotation.ProxyTransactionManagementConfiguration$$EnhancerBySpringCGLIB$$cb5cb846] is not eligible for getting processed by all BeanPostProcessors (for example: not eligible for auto-proxying)
11-08 20:10:14.206 [ INFO] [trationDelegate$BeanPostProcessorChecker:330] - Bean 'org.springframework.hateoas.config.HateoasConfiguration' of type [org.springframework.hateoas.config.HateoasConfiguration$$EnhancerBySpringCGLIB$$4add0578] is not eligible for getting processed by all BeanPostProcessors (for example: not eligible for auto-proxying)
11-08 20:10:15.941 [ INFO] [          o.s.s.c.ThreadPoolTaskExecutor:171] - Initializing ExecutorService 'applicationTaskExecutor'
11-08 20:10:16.312 [ INFO] [c.a.d.s.b.a.DruidDataSourceAutoConfigure: 56] - Init DruidDataSource
11-08 20:10:16.678 [ INFO] [                 c.a.d.p.DruidDataSource:930] - {dataSource-1} inited
11-08 20:10:17.294 [ INFO] [d.s.w.p.DocumentationPluginsBootstrapper: 80] - Context refreshed
11-08 20:10:17.314 [ INFO] [d.s.w.p.DocumentationPluginsBootstrapper: 83] - Found {0} custom documentation plugin(s)
11-08 20:10:17.335 [ INFO] [    s.d.s.w.s.ApiListingReferenceScanner: 53] - Scanning for api listing references
11-08 20:10:17.365 [ INFO] [                c.c.a.d.UserAuthsDaoTest: 59] - Started UserAuthsDaoTest in 5.668 seconds (JVM running for 6.962)
11-08 20:10:17.859 [ INFO] [                 c.a.d.p.DruidDataSource:1825] - {dataSource-1} closed
11-08 20:10:17.867 [ INFO] [          o.s.s.c.ThreadPoolTaskExecutor:208] - Shutting down ExecutorService 'applicationTaskExecutor'
11-08 20:34:04.700 [ INFO] [                c.c.a.d.UserAuthsDaoTest: 50] - Starting UserAuthsDaoTest on DESKTOP-4J1ON82 with PID 15028 (started by ChrisYoung in D:\JavaProject\appserver)
11-08 20:34:04.702 [ INFO] [                c.c.a.d.UserAuthsDaoTest:675] - No active profile set, falling back to default profiles: default
11-08 20:34:06.705 [ INFO] [trationDelegate$BeanPostProcessorChecker:330] - Bean 'org.springframework.transaction.annotation.ProxyTransactionManagementConfiguration' of type [org.springframework.transaction.annotation.ProxyTransactionManagementConfiguration$$EnhancerBySpringCGLIB$$efaecfe4] is not eligible for getting processed by all BeanPostProcessors (for example: not eligible for auto-proxying)
11-08 20:34:06.875 [ INFO] [trationDelegate$BeanPostProcessorChecker:330] - Bean 'org.springframework.hateoas.config.HateoasConfiguration' of type [org.springframework.hateoas.config.HateoasConfiguration$$EnhancerBySpringCGLIB$$6f2f1d16] is not eligible for getting processed by all BeanPostProcessors (for example: not eligible for auto-proxying)
11-08 20:34:08.451 [ INFO] [          o.s.s.c.ThreadPoolTaskExecutor:171] - Initializing ExecutorService 'applicationTaskExecutor'
11-08 20:34:08.793 [ INFO] [c.a.d.s.b.a.DruidDataSourceAutoConfigure: 56] - Init DruidDataSource
11-08 20:34:09.178 [ INFO] [                 c.a.d.p.DruidDataSource:930] - {dataSource-1} inited
11-08 20:34:09.779 [ INFO] [d.s.w.p.DocumentationPluginsBootstrapper: 80] - Context refreshed
11-08 20:34:09.799 [ INFO] [d.s.w.p.DocumentationPluginsBootstrapper: 83] - Found {0} custom documentation plugin(s)
11-08 20:34:09.809 [ INFO] [    s.d.s.w.s.ApiListingReferenceScanner: 53] - Scanning for api listing references
11-08 20:34:09.819 [ INFO] [                c.c.a.d.UserAuthsDaoTest: 59] - Started UserAuthsDaoTest in 5.516 seconds (JVM running for 6.757)
11-08 20:34:10.369 [ INFO] [                 c.a.d.p.DruidDataSource:1825] - {dataSource-1} closed
11-08 20:34:10.371 [ INFO] [          o.s.s.c.ThreadPoolTaskExecutor:208] - Shutting down ExecutorService 'applicationTaskExecutor'
11-08 20:35:38.136 [ INFO] [                c.c.a.d.UserAuthsDaoTest: 50] - Starting UserAuthsDaoTest on DESKTOP-4J1ON82 with PID 10456 (started by ChrisYoung in D:\JavaProject\appserver)
11-08 20:35:38.136 [ INFO] [                c.c.a.d.UserAuthsDaoTest:675] - No active profile set, falling back to default profiles: default
11-08 20:35:40.094 [ INFO] [trationDelegate$BeanPostProcessorChecker:330] - Bean 'org.springframework.transaction.annotation.ProxyTransactionManagementConfiguration' of type [org.springframework.transaction.annotation.ProxyTransactionManagementConfiguration$$EnhancerBySpringCGLIB$$efaecfe4] is not eligible for getting processed by all BeanPostProcessors (for example: not eligible for auto-proxying)
11-08 20:35:40.234 [ INFO] [trationDelegate$BeanPostProcessorChecker:330] - Bean 'org.springframework.hateoas.config.HateoasConfiguration' of type [org.springframework.hateoas.config.HateoasConfiguration$$EnhancerBySpringCGLIB$$6f2f1d16] is not eligible for getting processed by all BeanPostProcessors (for example: not eligible for auto-proxying)
11-08 20:35:41.861 [ INFO] [          o.s.s.c.ThreadPoolTaskExecutor:171] - Initializing ExecutorService 'applicationTaskExecutor'
11-08 20:35:42.214 [ INFO] [c.a.d.s.b.a.DruidDataSourceAutoConfigure: 56] - Init DruidDataSource
11-08 20:35:42.588 [ INFO] [                 c.a.d.p.DruidDataSource:930] - {dataSource-1} inited
11-08 20:35:43.187 [ INFO] [d.s.w.p.DocumentationPluginsBootstrapper: 80] - Context refreshed
11-08 20:35:43.217 [ INFO] [d.s.w.p.DocumentationPluginsBootstrapper: 83] - Found {0} custom documentation plugin(s)
11-08 20:35:43.227 [ INFO] [    s.d.s.w.s.ApiListingReferenceScanner: 53] - Scanning for api listing references
11-08 20:35:43.272 [ INFO] [                c.c.a.d.UserAuthsDaoTest: 59] - Started UserAuthsDaoTest in 5.548 seconds (JVM running for 6.8)
11-08 20:35:43.839 [ INFO] [                 c.a.d.p.DruidDataSource:1825] - {dataSource-1} closed
11-08 20:35:43.839 [ INFO] [          o.s.s.c.ThreadPoolTaskExecutor:208] - Shutting down ExecutorService 'applicationTaskExecutor'
11-08 20:37:37.863 [ INFO] [                c.c.a.d.UserAuthsDaoTest: 50] - Starting UserAuthsDaoTest on DESKTOP-4J1ON82 with PID 3168 (started by ChrisYoung in D:\JavaProject\appserver)
11-08 20:37:37.873 [ INFO] [                c.c.a.d.UserAuthsDaoTest:675] - No active profile set, falling back to default profiles: default
11-08 20:37:40.024 [ INFO] [trationDelegate$BeanPostProcessorChecker:330] - Bean 'org.springframework.transaction.annotation.ProxyTransactionManagementConfiguration' of type [org.springframework.transaction.annotation.ProxyTransactionManagementConfiguration$$EnhancerBySpringCGLIB$$93085cd] is not eligible for getting processed by all BeanPostProcessors (for example: not eligible for auto-proxying)
11-08 20:37:40.347 [ INFO] [trationDelegate$BeanPostProcessorChecker:330] - Bean 'org.springframework.hateoas.config.HateoasConfiguration' of type [org.springframework.hateoas.config.HateoasConfiguration$$EnhancerBySpringCGLIB$$88b0d2ff] is not eligible for getting processed by all BeanPostProcessors (for example: not eligible for auto-proxying)
11-08 20:37:42.188 [ INFO] [          o.s.s.c.ThreadPoolTaskExecutor:171] - Initializing ExecutorService 'applicationTaskExecutor'
11-08 20:37:42.662 [ INFO] [c.a.d.s.b.a.DruidDataSourceAutoConfigure: 56] - Init DruidDataSource
11-08 20:37:43.076 [ INFO] [                 c.a.d.p.DruidDataSource:930] - {dataSource-1} inited
11-08 20:37:43.732 [ INFO] [d.s.w.p.DocumentationPluginsBootstrapper: 80] - Context refreshed
11-08 20:37:43.762 [ INFO] [d.s.w.p.DocumentationPluginsBootstrapper: 83] - Found {0} custom documentation plugin(s)
11-08 20:37:43.772 [ INFO] [    s.d.s.w.s.ApiListingReferenceScanner: 53] - Scanning for api listing references
11-08 20:37:43.793 [ INFO] [                c.c.a.d.UserAuthsDaoTest: 59] - Started UserAuthsDaoTest in 6.28 seconds (JVM running for 8.26)
11-08 20:40:41.562 [ INFO] [                c.c.a.d.UserAuthsDaoTest: 50] - Starting UserAuthsDaoTest on DESKTOP-4J1ON82 with PID 16772 (started by ChrisYoung in D:\JavaProject\appserver)
11-08 20:40:41.562 [ INFO] [                c.c.a.d.UserAuthsDaoTest:675] - No active profile set, falling back to default profiles: default
11-08 20:40:42.991 [ INFO] [trationDelegate$BeanPostProcessorChecker:330] - Bean 'org.springframework.transaction.annotation.ProxyTransactionManagementConfiguration' of type [org.springframework.transaction.annotation.ProxyTransactionManagementConfiguration$$EnhancerBySpringCGLIB$$c908fb41] is not eligible for getting processed by all BeanPostProcessors (for example: not eligible for auto-proxying)
11-08 20:40:43.131 [ INFO] [trationDelegate$BeanPostProcessorChecker:330] - Bean 'org.springframework.hateoas.config.HateoasConfiguration' of type [org.springframework.hateoas.config.HateoasConfiguration$$EnhancerBySpringCGLIB$$48894873] is not eligible for getting processed by all BeanPostProcessors (for example: not eligible for auto-proxying)
11-08 20:40:44.687 [ INFO] [          o.s.s.c.ThreadPoolTaskExecutor:171] - Initializing ExecutorService 'applicationTaskExecutor'
11-08 20:40:45.041 [ INFO] [c.a.d.s.b.a.DruidDataSourceAutoConfigure: 56] - Init DruidDataSource
11-08 20:40:45.422 [ INFO] [                 c.a.d.p.DruidDataSource:930] - {dataSource-1} inited
11-08 20:40:45.928 [ INFO] [d.s.w.p.DocumentationPluginsBootstrapper: 80] - Context refreshed
11-08 20:40:45.948 [ INFO] [d.s.w.p.DocumentationPluginsBootstrapper: 83] - Found {0} custom documentation plugin(s)
11-08 20:40:45.958 [ INFO] [    s.d.s.w.s.ApiListingReferenceScanner: 53] - Scanning for api listing references
11-08 20:40:45.969 [ INFO] [                c.c.a.d.UserAuthsDaoTest: 59] - Started UserAuthsDaoTest in 4.999 seconds (JVM running for 6.459)
11-08 20:40:46.514 [ INFO] [                 c.a.d.p.DruidDataSource:1825] - {dataSource-1} closed
11-08 20:40:46.514 [ INFO] [          o.s.s.c.ThreadPoolTaskExecutor:208] - Shutting down ExecutorService 'applicationTaskExecutor'
